-------------------------------------------------------------------------------
Test set: com.exchange.engine.MatchingEngineTest
-------------------------------------------------------------------------------
Tests run: 12, Failures: 10, Errors: 0, Skipped: 0, Time elapsed: 0.032 s <<< FAILURE! -- in com.exchange.engine.MatchingEngineTest
com.exchange.engine.MatchingEngineTest.takerGetsPriceImprovementAtMakerPrice -- Time elapsed: 0.011 s <<< FAILURE!
org.opentest4j.AssertionFailedError: TODO
	at org.junit.jupiter.api.AssertionUtils.fail(AssertionUtils.java:38)
	at org.junit.jupiter.api.Assertions.fail(Assertions.java:138)
	at com.exchange.engine.MatchingEngineTest.takerGetsPriceImprovementAtMakerPrice(MatchingEngineTest.java:122)
	at java.base/java.lang.reflect.Method.invoke(Method.java:565)
	at java.base/java.util.ArrayList.forEach(ArrayList.java:1604)
	at java.base/java.util.ArrayList.forEach(ArrayList.java:1604)

com.exchange.engine.MatchingEngineTest.multiplePriceLevels -- Time elapsed: 0.001 s <<< FAILURE!
org.opentest4j.AssertionFailedError: TODO
	at org.junit.jupiter.api.AssertionUtils.fail(AssertionUtils.java:38)
	at org.junit.jupiter.api.Assertions.fail(Assertions.java:138)
	at com.exchange.engine.MatchingEngineTest.multiplePriceLevels(MatchingEngineTest.java:103)
	at java.base/java.lang.reflect.Method.invoke(Method.java:565)
	at java.base/java.util.ArrayList.forEach(ArrayList.java:1604)
	at java.base/java.util.ArrayList.forEach(ArrayList.java:1604)

com.exchange.engine.MatchingEngineTest.partialFillSellSide -- Time elapsed: 0.001 s <<< FAILURE!
org.opentest4j.AssertionFailedError: TODO
	at org.junit.jupiter.api.AssertionUtils.fail(AssertionUtils.java:38)
	at org.junit.jupiter.api.Assertions.fail(Assertions.java:138)
	at com.exchange.engine.MatchingEngineTest.partialFillSellSide(MatchingEngineTest.java:86)
	at java.base/java.lang.reflect.Method.invoke(Method.java:565)
	at java.base/java.util.ArrayList.forEach(ArrayList.java:1604)
	at java.base/java.util.ArrayList.forEach(ArrayList.java:1604)

com.exchange.engine.MatchingEngineTest.fifoTimePriorityAtSamePrice -- Time elapsed: 0 s <<< FAILURE!
org.opentest4j.AssertionFailedError: TODO
	at org.junit.jupiter.api.AssertionUtils.fail(AssertionUtils.java:38)
	at org.junit.jupiter.api.Assertions.fail(Assertions.java:138)
	at com.exchange.engine.MatchingEngineTest.fifoTimePriorityAtSamePrice(MatchingEngineTest.java:113)
	at java.base/java.lang.reflect.Method.invoke(Method.java:565)
	at java.base/java.util.ArrayList.forEach(ArrayList.java:1604)
	at java.base/java.util.ArrayList.forEach(ArrayList.java:1604)

com.exchange.engine.MatchingEngineTest.noMatchRestsInBook -- Time elapsed: 0 s <<< FAILURE!
org.opentest4j.AssertionFailedError: TODO
	at org.junit.jupiter.api.AssertionUtils.fail(AssertionUtils.java:38)
	at org.junit.jupiter.api.Assertions.fail(Assertions.java:138)
	at com.exchange.engine.MatchingEngineTest.noMatchRestsInBook(MatchingEngineTest.java:93)
	at java.base/java.lang.reflect.Method.invoke(Method.java:565)
	at java.base/java.util.ArrayList.forEach(ArrayList.java:1604)
	at java.base/java.util.ArrayList.forEach(ArrayList.java:1604)

com.exchange.engine.MatchingEngineTest.marketOrderEmptyBookDropsRemainder -- Time elapsed: 0.001 s <<< FAILURE!
org.opentest4j.AssertionFailedError: TODO
	at org.junit.jupiter.api.AssertionUtils.fail(AssertionUtils.java:38)
	at org.junit.jupiter.api.Assertions.fail(Assertions.java:138)
	at com.exchange.engine.MatchingEngineTest.marketOrderEmptyBookDropsRemainder(MatchingEngineTest.java:148)
	at java.base/java.lang.reflect.Method.invoke(Method.java:565)
	at java.base/java.util.ArrayList.forEach(ArrayList.java:1604)
	at java.base/java.util.ArrayList.forEach(ArrayList.java:1604)

com.exchange.engine.MatchingEngineTest.marketOrderPartialFillDropsRemainder -- Time elapsed: 0 s <<< FAILURE!
org.opentest4j.AssertionFailedError: TODO
	at org.junit.jupiter.api.AssertionUtils.fail(AssertionUtils.java:38)
	at org.junit.jupiter.api.Assertions.fail(Assertions.java:138)
	at com.exchange.engine.MatchingEngineTest.marketOrderPartialFillDropsRemainder(MatchingEngineTest.java:157)
	at java.base/java.lang.reflect.Method.invoke(Method.java:565)
	at java.base/java.util.ArrayList.forEach(ArrayList.java:1604)
	at java.base/java.util.ArrayList.forEach(ArrayList.java:1604)

com.exchange.engine.MatchingEngineTest.bookNeverCrossedUnderRandomLoad -- Time elapsed: 0 s <<< FAILURE!
org.opentest4j.AssertionFailedError: TODO
	at org.junit.jupiter.api.AssertionUtils.fail(AssertionUtils.java:38)
	at org.junit.jupiter.api.Assertions.fail(Assertions.java:138)
	at com.exchange.engine.MatchingEngineTest.bookNeverCrossedUnderRandomLoad(MatchingEngineTest.java:177)
	at java.base/java.lang.reflect.Method.invoke(Method.java:565)
	at java.base/java.util.ArrayList.forEach(ArrayList.java:1604)
	at java.base/java.util.ArrayList.forEach(ArrayList.java:1604)

com.exchange.engine.MatchingEngineTest.limitDoesNotCrossWhenPriceWorse -- Time elapsed: 0.001 s <<< FAILURE!
org.opentest4j.AssertionFailedError: TODO
	at org.junit.jupiter.api.AssertionUtils.fail(AssertionUtils.java:38)
	at org.junit.jupiter.api.Assertions.fail(Assertions.java:138)
	at com.exchange.engine.MatchingEngineTest.limitDoesNotCrossWhenPriceWorse(MatchingEngineTest.java:131)
	at java.base/java.lang.reflect.Method.invoke(Method.java:565)
	at java.base/java.util.ArrayList.forEach(ArrayList.java:1604)
	at java.base/java.util.ArrayList.forEach(ArrayList.java:1604)

com.exchange.engine.MatchingEngineTest.marketOrderSweepsBook -- Time elapsed: 0 s <<< FAILURE!
org.opentest4j.AssertionFailedError: TODO
	at org.junit.jupiter.api.AssertionUtils.fail(AssertionUtils.java:38)
	at org.junit.jupiter.api.Assertions.fail(Assertions.java:138)
	at com.exchange.engine.MatchingEngineTest.marketOrderSweepsBook(MatchingEngineTest.java:140)
	at java.base/java.lang.reflect.Method.invoke(Method.java:565)
	at java.base/java.util.ArrayList.forEach(ArrayList.java:1604)
	at java.base/java.util.ArrayList.forEach(ArrayList.java:1604)

